<?xml version="1.0" encoding="UTF-8"?>
<!-- Generated by org.testng.reporters.JUnitReportReporter -->
<testsuite skipped="0" hostname="Infva07032" name="Day10.CsvRead" tests="1" failures="0" timestamp="15 Mar 2019 09:35:30 GMT" time="0.101" errors="0">
  <testcase name="f" time="0.101" classname="Day10.CsvRead"/>
</testsuite> <!-- Day10.CsvRead -->
